Initialize engine version: 2019.4.16f1 (e05b6e02d63e)
[Subsystems] Discovering subsystems at path C:/Users/jeffl/OneDrive/universite/Geniemasterrace/session8/LOG8715 Achitecture/tp/LOG8715/tp2/LOG8715-TP2_Data/UnitySubsystems
Forcing GfxDevice: Null
GfxDevice: creating device client; threaded=0
NullGfxDevice:
    Version:  NULL 1.0 [1.0]
    Renderer: Null Device
    Vendor:   Unity Technologies
Microsoft Media Foundation video decoding to texture disabled: graphics device is Null, only Direct3D 11 and Direct3D 12 (only on desktop) are supported.
UnloadTime: 0.363900 ms
Loading config from C:/Users/jeffl/OneDrive/universite/Geniemasterrace/session8/LOG8715 Achitecture/tp/LOG8715/tp2/LOG8715-TP2_Data\config.json
UnityEngine.Logger:Log(LogType, Object)
UnityEngine.Debug:Log(Object)
Config:LoadSave()
ECSManager:Start()
 
(Filename: C:\buildslave\unity\build\Runtime/Export/Debug/Debug.bindings.h Line: 35)

{"numberOfShapesToSpawn":950,"headless":false,"_systemsEnabled":{"keys":["SpawnSystem","CircleCollisionDetectionSystem","SizeReduceSystem","WallCollisionDetectionSystem","BounceBackSystem","PositionUpdateSystem","DisplayUpdateSystem","EndEventSystem","DeoverlapSystem","ColorDecisionSystem"],"values":[true,true,true,true,true,true,true,true,true,true]}}
UnityEngine.Logger:Log(LogType, Object)
UnityEngine.Debug:Log(Object)
Config:LoadSave()
ECSManager:Start()
 
(Filename: C:\buildslave\unity\build\Runtime/Export/Debug/Debug.bindings.h Line: 35)

saving to C:/Users/jeffl/OneDrive/universite/Geniemasterrace/session8/LOG8715 Achitecture/tp/LOG8715/tp2/LOG8715-TP2_Data\config.json
UnityEngine.Logger:Log(LogType, Object)
UnityEngine.Debug:Log(Object)
Config:SaveToJson()
 
(Filename: C:\buildslave\unity\build\Runtime/Export/Debug/Debug.bindings.h Line: 35)

 FPS: 143
UnityEngine.Logger:Log(LogType, Object)
UnityEngine.Debug:Log(Object)
ECSManager:Update()
 
(Filename: C:\buildslave\unity\build\Runtime/Export/Debug/Debug.bindings.h Line: 35)

 FPS: 144
UnityEngine.Logger:Log(LogType, Object)
UnityEngine.Debug:Log(Object)
ECSManager:Update()
 
(Filename: C:\buildslave\unity\build\Runtime/Export/Debug/Debug.bindings.h Line: 35)

 FPS: 141
UnityEngine.Logger:Log(LogType, Object)
UnityEngine.Debug:Log(Object)
ECSManager:Update()
 
(Filename: C:\buildslave\unity\build\Runtime/Export/Debug/Debug.bindings.h Line: 35)

 FPS: 153
UnityEngine.Logger:Log(LogType, Object)
UnityEngine.Debug:Log(Object)
ECSManager:Update()
 
(Filename: C:\buildslave\unity\build\Runtime/Export/Debug/Debug.bindings.h Line: 35)

 FPS: 155
UnityEngine.Logger:Log(LogType, Object)
UnityEngine.Debug:Log(Object)
ECSManager:Update()
 
(Filename: C:\buildslave\unity\build\Runtime/Export/Debug/Debug.bindings.h Line: 35)

 FPS: 143
UnityEngine.Logger:Log(LogType, Object)
UnityEngine.Debug:Log(Object)
ECSManager:Update()
 
(Filename: C:\buildslave\unity\build\Runtime/Export/Debug/Debug.bindings.h Line: 35)

 FPS: 145
UnityEngine.Logger:Log(LogType, Object)
UnityEngine.Debug:Log(Object)
ECSManager:Update()
 
(Filename: C:\buildslave\unity\build\Runtime/Export/Debug/Debug.bindings.h Line: 35)

 FPS: 143
UnityEngine.Logger:Log(LogType, Object)
UnityEngine.Debug:Log(Object)
ECSManager:Update()
 
(Filename: C:\buildslave\unity\build\Runtime/Export/Debug/Debug.bindings.h Line: 35)

 FPS: 145
UnityEngine.Logger:Log(LogType, Object)
UnityEngine.Debug:Log(Object)
ECSManager:Update()
 
(Filename: C:\buildslave\unity\build\Runtime/Export/Debug/Debug.bindings.h Line: 35)

 FPS: 137
UnityEngine.Logger:Log(LogType, Object)
UnityEngine.Debug:Log(Object)
ECSManager:Update()
 
(Filename: C:\buildslave\unity\build\Runtime/Export/Debug/Debug.bindings.h Line: 35)

 FPS: 148
UnityEngine.Logger:Log(LogType, Object)
UnityEngine.Debug:Log(Object)
ECSManager:Update()
 
(Filename: C:\buildslave\unity\build\Runtime/Export/Debug/Debug.bindings.h Line: 35)

Setting up 8 worker threads for Enlighten.
  Thread -> id: 5014 -> priority: 1 
  Thread -> id: 5fc0 -> priority: 1 
  Thread -> id: 5cc0 -> priority: 1 
  Thread -> id: 3f90 -> priority: 1 
  Thread -> id: 152c -> priority: 1 
  Thread -> id: 5070 -> priority: 1 
  Thread -> id: 62e8 -> priority: 1 
  Thread -> id: 4a88 -> priority: 1 
